40
0.0  58.0  51.0  34.0  36.0  60.0  27.0  54.0  84.0  7.0  69.0  70.0  98.0  40.0  1.0  90.0  45.0  65.0  67.0  50.0  22.0  4.0  77.0  6.0  46.0  31.0  94.0  4.0  18.0  76.0  42.0  90.0  66.0  37.0  32.0  39.0  19.0  25.0  4.0  85.0  
1.0  0.0  2.0  87.0  45.0  69.0  71.0  53.0  46.0  74.0  71.0  18.0  21.0  85.0  6.0  12.0  8.0  23.0  72.0  72.0  30.0  97.0  43.0  72.0  39.0  20.0  94.0  15.0  12.0  93.0  77.0  65.0  26.0  72.0  30.0  26.0  29.0  21.0  84.0  77.0  
1.0  1.0  0.0  24.0  20.0  15.0  27.0  76.0  74.0  76.0  98.0  71.0  2.0  14.0  31.0  19.0  26.0  30.0  90.0  12.0  26.0  47.0  28.0  35.0  54.0  87.0  9.0  50.0  8.0  52.0  38.0  57.0  19.0  70.0  2.0  58.0  96.0  66.0  8.0  8.0  
1.0  1.0  1.0  0.0  37.0  63.0  72.0  61.0  19.0  24.0  28.0  23.0  61.0  79.0  75.0  7.0  20.0  86.0  72.0  62.0  40.0  92.0  100.0  99.0  4.0  39.0  81.0  85.0  41.0  96.0  24.0  30.0  33.0  84.0  27.0  58.0  23.0  11.0  52.0  23.0  
1.0  1.0  1.0  1.0  0.0  51.0  66.0  10.0  65.0  11.0  35.0  46.0  77.0  49.0  57.0  66.0  35.0  2.0  9.0  22.0  2.0  57.0  12.0  88.0  50.0  28.0  87.0  85.0  96.0  75.0  9.0  55.0  64.0  90.0  57.0  82.0  100.0  61.0  96.0  98.0  
1.0  1.0  1.0  1.0  1.0  0.0  49.0  20.0  33.0  35.0  93.0  50.0  77.0  60.0  28.0  83.0  9.0  24.0  31.0  34.0  92.0  82.0  34.0  72.0  46.0  11.0  38.0  67.0  25.0  15.0  36.0  15.0  44.0  36.0  1.0  86.0  30.0  16.0  43.0  93.0  
1.0  1.0  1.0  1.0  1.0  1.0  0.0  90.0  59.0  65.0  18.0  21.0  8.0  60.0  9.0  4.0  100.0  30.0  100.0  33.0  33.0  47.0  2.0  73.0  33.0  78.0  29.0  28.0  24.0  77.0  90.0  5.0  88.0  62.0  70.0  64.0  32.0  96.0  28.0  17.0  
1.0  1.0  1.0  1.0  1.0  1.0  1.0  0.0  100.0  22.0  98.0  99.0  35.0  3.0  51.0  7.0  52.0  94.0  58.0  44.0  87.0  64.0  92.0  81.0  40.0  76.0  4.0  22.0  62.0  75.0  76.0  39.0  49.0  71.0  16.0  21.0  42.0  54.0  23.0  31.0  
1.0  1.0  1.0  1.0  1.0  1.0  1.0  1.0  0.0  100.0  75.0  49.0  62.0  32.0  57.0  57.0  1.0  76.0  75.0  97.0  29.0  57.0  53.0  16.0  5.0  95.0  2.0  72.0  74.0  8.0  7.0  75.0  6.0  40.0  51.0  8.0  75.0  9.0  35.0  60.0  
1.0  1.0  1.0  1.0  1.0  1.0  1.0  1.0  1.0  0.0  86.0  91.0  53.0  96.0  61.0  81.0  54.0  79.0  43.0  94.0  59.0  76.0  20.0  79.0  6.0  20.0  18.0  66.0  18.0  14.0  78.0  55.0  23.0  100.0  3.0  67.0  38.0  20.0  32.0  2.0  
1.0  1.0  1.0  1.0  1.0  1.0  1.0  1.0  1.0  1.0  0.0  82.0  100.0  73.0  92.0  48.0  35.0  22.0  12.0  43.0  52.0  56.0  72.0  92.0  96.0  41.0  68.0  24.0  90.0  39.0  25.0  4.0  86.0  84.0  80.0  65.0  88.0  77.0  88.0  26.0  
1.0  1.0  1.0  1.0  1.0  1.0  1.0  1.0  1.0  1.0  1.0  0.0  93.0  37.0  33.0  67.0  8.0  93.0  6.0  24.0  21.0  3.0  42.0  95.0  82.0  64.0  57.0  55.0  36.0  100.0  14.0  61.0  96.0  96.0  61.0  49.0  23.0  98.0  36.0  87.0  
1.0  1.0  1.0  1.0  1.0  1.0  1.0  1.0  1.0  1.0  1.0  1.0  0.0  49.0  5.0  47.0  5.0  45.0  50.0  90.0  6.0  86.0  97.0  16.0  32.0  86.0  66.0  43.0  97.0  24.0  76.0  22.0  31.0  85.0  16.0  55.0  31.0  72.0  70.0  100.0  
1.0  1.0  1.0  1.0  1.0  1.0  1.0  1.0  1.0  1.0  1.0  1.0  1.0  0.0  17.0  30.0  30.0  26.0  59.0  100.0  58.0  6.0  72.0  36.0  48.0  88.0  47.0  92.0  74.0  43.0  53.0  23.0  85.0  47.0  67.0  18.0  99.0  65.0  1.0  95.0  
1.0  1.0  1.0  1.0  1.0  1.0  1.0  1.0  1.0  1.0  1.0  1.0  1.0  1.0  0.0  31.0  92.0  21.0  72.0  56.0  73.0  32.0  94.0  77.0  29.0  52.0  94.0  96.0  47.0  30.0  41.0  29.0  93.0  75.0  13.0  66.0  41.0  74.0  43.0  77.0  
1.0  1.0  1.0  1.0  1.0  1.0  1.0  1.0  1.0  1.0  1.0  1.0  1.0  1.0  1.0  0.0  77.0  41.0  80.0  58.0  32.0  9.0  13.0  47.0  100.0  15.0  26.0  63.0  93.0  49.0  20.0  95.0  48.0  95.0  85.0  96.0  97.0  8.0  81.0  10.0  
1.0  1.0  1.0  1.0  1.0  1.0  1.0  1.0  1.0  1.0  1.0  1.0  1.0  1.0  1.0  1.0  0.0  67.0  93.0  24.0  24.0  21.0  64.0  55.0  62.0  58.0  97.0  34.0  92.0  83.0  86.0  99.0  2.0  65.0  17.0  56.0  10.0  66.0  97.0  55.0  
1.0  1.0  1.0  1.0  1.0  1.0  1.0  1.0  1.0  1.0  1.0  1.0  1.0  1.0  1.0  1.0  1.0  0.0  56.0  92.0  18.0  91.0  97.0  13.0  70.0  7.0  70.0  59.0  76.0  59.0  85.0  47.0  71.0  83.0  84.0  26.0  56.0  16.0  54.0  24.0  
1.0  1.0  1.0  1.0  1.0  1.0  1.0  1.0  1.0  1.0  1.0  1.0  1.0  1.0  1.0  1.0  1.0  1.0  0.0  13.0  66.0  70.0  17.0  56.0  44.0  73.0  7.0  80.0  36.0  52.0  57.0  50.0  22.0  36.0  53.0  95.0  24.0  43.0  92.0  94.0  
1.0  1.0  1.0  1.0  1.0  1.0  1.0  1.0  1.0  1.0  1.0  1.0  1.0  1.0  1.0  1.0  1.0  1.0  1.0  0.0  53.0  68.0  16.0  18.0  82.0  87.0  85.0  47.0  50.0  90.0  57.0  74.0  66.0  12.0  89.0  66.0  25.0  37.0  8.0  77.0  
1.0  1.0  1.0  1.0  1.0  1.0  1.0  1.0  1.0  1.0  1.0  1.0  1.0  1.0  1.0  1.0  1.0  1.0  1.0  1.0  0.0  54.0  31.0  86.0  48.0  40.0  56.0  11.0  56.0  64.0  84.0  100.0  98.0  53.0  2.0  71.0  78.0  57.0  82.0  34.0  
1.0  1.0  1.0  1.0  1.0  1.0  1.0  1.0  1.0  1.0  1.0  1.0  1.0  1.0  1.0  1.0  1.0  1.0  1.0  1.0  1.0  0.0  77.0  56.0  27.0  25.0  100.0  18.0  80.0  33.0  17.0  59.0  21.0  70.0  53.0  18.0  20.0  1.0  59.0  4.0  
1.0  1.0  1.0  1.0  1.0  1.0  1.0  1.0  1.0  1.0  1.0  1.0  1.0  1.0  1.0  1.0  1.0  1.0  1.0  1.0  1.0  1.0  0.0  45.0  39.0  5.0  78.0  64.0  21.0  97.0  5.0  54.0  72.0  95.0  71.0  79.0  46.0  90.0  86.0  78.0  
1.0  1.0  1.0  1.0  1.0  1.0  1.0  1.0  1.0  1.0  1.0  1.0  1.0  1.0  1.0  1.0  1.0  1.0  1.0  1.0  1.0  1.0  1.0  0.0  76.0  20.0  31.0  34.0  56.0  52.0  53.0  42.0  75.0  87.0  80.0  41.0  92.0  39.0  1.0  56.0  
1.0  1.0  1.0  1.0  1.0  1.0  1.0  1.0  1.0  1.0  1.0  1.0  1.0  1.0  1.0  1.0  1.0  1.0  1.0  1.0  1.0  1.0  1.0  1.0  0.0  99.0  61.0  70.0  33.0  32.0  77.0  60.0  28.0  24.0  84.0  21.0  45.0  49.0  98.0  37.0  
1.0  1.0  1.0  1.0  1.0  1.0  1.0  1.0  1.0  1.0  1.0  1.0  1.0  1.0  1.0  1.0  1.0  1.0  1.0  1.0  1.0  1.0  1.0  1.0  1.0  0.0  77.0  83.0  82.0  28.0  62.0  52.0  91.0  85.0  75.0  9.0  96.0  87.0  65.0  92.0  
1.0  1.0  1.0  1.0  1.0  1.0  1.0  1.0  1.0  1.0  1.0  1.0  1.0  1.0  1.0  1.0  1.0  1.0  1.0  1.0  1.0  1.0  1.0  1.0  1.0  1.0  0.0  96.0  45.0  52.0  61.0  61.0  5.0  81.0  97.0  84.0  46.0  57.0  5.0  66.0  
1.0  1.0  1.0  1.0  1.0  1.0  1.0  1.0  1.0  1.0  1.0  1.0  1.0  1.0  1.0  1.0  1.0  1.0  1.0  1.0  1.0  1.0  1.0  1.0  1.0  1.0  1.0  0.0  38.0  43.0  15.0  93.0  75.0  56.0  29.0  93.0  70.0  60.0  67.0  42.0  
1.0  1.0  1.0  1.0  1.0  1.0  1.0  1.0  1.0  1.0  1.0  1.0  1.0  1.0  1.0  1.0  1.0  1.0  1.0  1.0  1.0  1.0  1.0  1.0  1.0  1.0  1.0  1.0  0.0  98.0  68.0  72.0  16.0  75.0  47.0  100.0  91.0  15.0  90.0  84.0  
1.0  1.0  1.0  1.0  1.0  1.0  1.0  1.0  1.0  1.0  1.0  1.0  1.0  1.0  1.0  1.0  1.0  1.0  1.0  1.0  1.0  1.0  1.0  1.0  1.0  1.0  1.0  1.0  1.0  0.0  9.0  78.0  65.0  95.0  72.0  10.0  76.0  1.0  49.0  55.0  
1.0  1.0  1.0  1.0  1.0  1.0  1.0  1.0  1.0  1.0  1.0  1.0  1.0  1.0  1.0  1.0  1.0  1.0  1.0  1.0  1.0  1.0  1.0  1.0  1.0  1.0  1.0  1.0  1.0  1.0  0.0  54.0  64.0  83.0  65.0  2.0  90.0  30.0  60.0  20.0  
1.0  1.0  1.0  1.0  1.0  1.0  1.0  1.0  1.0  1.0  1.0  1.0  1.0  1.0  1.0  1.0  1.0  1.0  1.0  1.0  1.0  1.0  1.0  1.0  1.0  1.0  1.0  1.0  1.0  1.0  1.0  0.0  62.0  9.0  48.0  50.0  15.0  55.0  85.0  20.0  
1.0  1.0  1.0  1.0  1.0  1.0  1.0  1.0  1.0  1.0  1.0  1.0  1.0  1.0  1.0  1.0  1.0  1.0  1.0  1.0  1.0  1.0  1.0  1.0  1.0  1.0  1.0  1.0  1.0  1.0  1.0  1.0  0.0  46.0  94.0  34.0  65.0  48.0  32.0  14.0  
1.0  1.0  1.0  1.0  1.0  1.0  1.0  1.0  1.0  1.0  1.0  1.0  1.0  1.0  1.0  1.0  1.0  1.0  1.0  1.0  1.0  1.0  1.0  1.0  1.0  1.0  1.0  1.0  1.0  1.0  1.0  1.0  1.0  0.0  45.0  71.0  83.0  46.0  37.0  40.0  
1.0  1.0  1.0  1.0  1.0  1.0  1.0  1.0  1.0  1.0  1.0  1.0  1.0  1.0  1.0  1.0  1.0  1.0  1.0  1.0  1.0  1.0  1.0  1.0  1.0  1.0  1.0  1.0  1.0  1.0  1.0  1.0  1.0  1.0  0.0  92.0  11.0  7.0  59.0  65.0  
1.0  1.0  1.0  1.0  1.0  1.0  1.0  1.0  1.0  1.0  1.0  1.0  1.0  1.0  1.0  1.0  1.0  1.0  1.0  1.0  1.0  1.0  1.0  1.0  1.0  1.0  1.0  1.0  1.0  1.0  1.0  1.0  1.0  1.0  1.0  0.0  55.0  91.0  39.0  13.0  
1.0  1.0  1.0  1.0  1.0  1.0  1.0  1.0  1.0  1.0  1.0  1.0  1.0  1.0  1.0  1.0  1.0  1.0  1.0  1.0  1.0  1.0  1.0  1.0  1.0  1.0  1.0  1.0  1.0  1.0  1.0  1.0  1.0  1.0  1.0  1.0  0.0  63.0  21.0  48.0  
1.0  1.0  1.0  1.0  1.0  1.0  1.0  1.0  1.0  1.0  1.0  1.0  1.0  1.0  1.0  1.0  1.0  1.0  1.0  1.0  1.0  1.0  1.0  1.0  1.0  1.0  1.0  1.0  1.0  1.0  1.0  1.0  1.0  1.0  1.0  1.0  1.0  0.0  37.0  51.0  
1.0  1.0  1.0  1.0  1.0  1.0  1.0  1.0  1.0  1.0  1.0  1.0  1.0  1.0  1.0  1.0  1.0  1.0  1.0  1.0  1.0  1.0  1.0  1.0  1.0  1.0  1.0  1.0  1.0  1.0  1.0  1.0  1.0  1.0  1.0  1.0  1.0  1.0  0.0  32.0  
1.0  1.0  1.0  1.0  1.0  1.0  1.0  1.0  1.0  1.0  1.0  1.0  1.0  1.0  1.0  1.0  1.0  1.0  1.0  1.0  1.0  1.0  1.0  1.0  1.0  1.0  1.0  1.0  1.0  1.0  1.0  1.0  1.0  1.0  1.0  1.0  1.0  1.0  1.0  0.0  
